<?xml version="1.0" encoding="UTF-8"?>
<robot generator="Robot 6.1 (Python 3.11.4 on win32)" generated="20230714 10:47:15.836" rpa="false" schemaversion="4">
<suite id="s1" name="Switch browser" source="C:\Users\juanc\PycharmProjects\RobotFrameworkNivel1\Test_Cases2\Switch_browser.robot">
<test id="s1-t1" name="Demo Uno" line="10">
<kw name="Open Browser" library="SeleniumLibrary">
<arg>${Url}</arg>
<arg>${Navegador}</arg>
<doc>Opens a new browser instance to the optional ``url``.</doc>
<msg timestamp="20230714 10:47:15.936" level="INFO">Opening browser 'Chrome' to base url 'https://demoqa.com'.</msg>
<msg timestamp="20230714 10:47:15.938" level="INFO">Applicable driver not found; attempting to install with Selenium Manager (Beta)</msg>
<status status="PASS" starttime="20230714 10:47:15.936" endtime="20230714 10:47:23.069"/>
</kw>
<kw name="Maximize Browser Window" library="SeleniumLibrary">
<doc>Maximizes current browser window.</doc>
<status status="PASS" starttime="20230714 10:47:23.069" endtime="20230714 10:47:23.185"/>
</kw>
<kw name="Sleep" library="BuiltIn">
<arg>2</arg>
<doc>Pauses the test executed for the given time.</doc>
<msg timestamp="20230714 10:47:25.185" level="INFO">Slept 2 seconds</msg>
<status status="PASS" starttime="20230714 10:47:23.185" endtime="20230714 10:47:25.185"/>
</kw>
<kw name="Title Should Be" library="SeleniumLibrary">
<arg>DEMOQA</arg>
<doc>Verifies that the current page title equals ``title``.</doc>
<msg timestamp="20230714 10:47:25.188" level="INFO">Page title is 'DEMOQA'.</msg>
<status status="PASS" starttime="20230714 10:47:25.185" endtime="20230714 10:47:25.188"/>
</kw>
<kw name="Set Selenium Implicit Wait" library="SeleniumLibrary">
<arg>10</arg>
<doc>Sets the implicit wait value used by Selenium.</doc>
<status status="PASS" starttime="20230714 10:47:25.189" endtime="20230714 10:47:25.189"/>
</kw>
<kw name="Set Selenium Speed" library="SeleniumLibrary">
<arg>.1s</arg>
<doc>Sets the delay that is waited after each Selenium command.</doc>
<status status="PASS" starttime="20230714 10:47:25.189" endtime="20230714 10:47:25.190"/>
</kw>
<kw name="Sleep" library="BuiltIn">
<arg>2</arg>
<doc>Pauses the test executed for the given time.</doc>
<msg timestamp="20230714 10:47:27.191" level="INFO">Slept 2 seconds</msg>
<status status="PASS" starttime="20230714 10:47:25.190" endtime="20230714 10:47:27.191"/>
</kw>
<kw name="Close Browser" library="SeleniumLibrary">
<doc>Closes the current browser.</doc>
<status status="PASS" starttime="20230714 10:47:27.191" endtime="20230714 10:47:29.334"/>
</kw>
<doc>Switch de Navegadores</doc>
<tag>VariableUno</tag>
<status status="PASS" starttime="20230714 10:47:15.936" endtime="20230714 10:47:29.334"/>
</test>
<doc>Switch en Navegadores</doc>
<status status="PASS" starttime="20230714 10:47:15.836" endtime="20230714 10:47:29.335"/>
</suite>
<statistics>
<total>
<stat pass="1" fail="0" skip="0">All Tests</stat>
</total>
<tag>
<stat pass="1" fail="0" skip="0">VariableUno</stat>
</tag>
<suite>
<stat pass="1" fail="0" skip="0" id="s1" name="Switch browser">Switch browser</stat>
</suite>
</statistics>
<errors>
</errors>
</robot>
