<?xml version="1.0" encoding="UTF-8"?>
<robot generator="Robot 6.1 (Python 3.11.3 on win32)" generated="20230620 09:19:30.057" rpa="false" schemaversion="4">
<suite id="s1" name="Test Uno" source="C:\Users\juanc\PycharmProjects\RobotFramework_Nivel_Uno\Test_Case\Test_Uno.robot">
<test id="s1-t1" name="Mi primer test" line="9">
<kw name="Open Browser" library="SeleniumLibrary">
<arg>https://demoqa.com/text-box</arg>
<arg>Chrome</arg>
<doc>Opens a new browser instance to the optional ``url``.</doc>
<msg timestamp="20230620 09:19:30.516" level="INFO">Opening browser 'Chrome' to base url 'https://demoqa.com/text-box'.</msg>
<status status="PASS" starttime="20230620 09:19:30.500" endtime="20230620 09:19:36.447"/>
</kw>
<kw name="Maximize Browser Window" library="SeleniumLibrary">
<doc>Maximizes current browser window.</doc>
<status status="PASS" starttime="20230620 09:19:36.447" endtime="20230620 09:19:36.628"/>
</kw>
<kw name="Sleep" library="BuiltIn">
<arg>2</arg>
<doc>Pauses the test executed for the given time.</doc>
<msg timestamp="20230620 09:19:38.630" level="INFO">Slept 2 seconds</msg>
<status status="PASS" starttime="20230620 09:19:36.629" endtime="20230620 09:19:38.630"/>
</kw>
<kw name="Input Text" library="SeleniumLibrary">
<arg>id=userName</arg>
<arg>Juan</arg>
<doc>Types the given ``text`` into the text field identified by ``locator``.</doc>
<msg timestamp="20230620 09:19:38.630" level="INFO">Typing text 'Juan' into text field 'id=userName'.</msg>
<status status="PASS" starttime="20230620 09:19:38.630" endtime="20230620 09:19:38.865"/>
</kw>
<kw name="Input Text" library="SeleniumLibrary">
<arg>id=userEmail</arg>
<arg>juan@hotmail.com</arg>
<doc>Types the given ``text`` into the text field identified by ``locator``.</doc>
<msg timestamp="20230620 09:19:38.867" level="INFO">Typing text 'juan@hotmail.com' into text field 'id=userEmail'.</msg>
<status status="PASS" starttime="20230620 09:19:38.865" endtime="20230620 09:19:39.188"/>
</kw>
<kw name="Input Text" library="SeleniumLibrary">
<arg>id=currentAddress</arg>
<arg>Direccion1</arg>
<doc>Types the given ``text`` into the text field identified by ``locator``.</doc>
<msg timestamp="20230620 09:19:39.193" level="INFO">Typing text 'Direccion1' into text field 'id=currentAddress'.</msg>
<status status="PASS" starttime="20230620 09:19:39.193" endtime="20230620 09:19:39.522"/>
</kw>
<kw name="Input Text" library="SeleniumLibrary">
<arg>id=permanentAddress</arg>
<arg>Direccion</arg>
<doc>Types the given ``text`` into the text field identified by ``locator``.</doc>
<msg timestamp="20230620 09:19:39.526" level="INFO">Typing text 'Direccion' into text field 'id=permanentAddress'.</msg>
<status status="PASS" starttime="20230620 09:19:39.525" endtime="20230620 09:19:39.790"/>
</kw>
<kw name="Sleep" library="BuiltIn">
<arg>2</arg>
<doc>Pauses the test executed for the given time.</doc>
<msg timestamp="20230620 09:19:41.790" level="INFO">Slept 2 seconds</msg>
<status status="PASS" starttime="20230620 09:19:39.790" endtime="20230620 09:19:41.790"/>
</kw>
<kw name="Execute Javascript" library="SeleniumLibrary">
<arg>window.scrollTo(0,300)</arg>
<doc>Executes the given JavaScript code with possible arguments.</doc>
<msg timestamp="20230620 09:19:41.792" level="INFO">Executing JavaScript:
window.scrollTo(0,300)
Without any arguments.</msg>
<status status="PASS" starttime="20230620 09:19:41.791" endtime="20230620 09:19:41.810"/>
</kw>
<kw name="Sleep" library="BuiltIn">
<arg>2</arg>
<doc>Pauses the test executed for the given time.</doc>
<msg timestamp="20230620 09:19:43.813" level="INFO">Slept 2 seconds</msg>
<status status="PASS" starttime="20230620 09:19:41.811" endtime="20230620 09:19:43.814"/>
</kw>
<kw name="Click Button" library="SeleniumLibrary">
<arg>id=submit</arg>
<doc>Clicks the button identified by ``locator``.</doc>
<msg timestamp="20230620 09:19:43.816" level="INFO">Clicking button 'id=submit'.</msg>
<status status="PASS" starttime="20230620 09:19:43.815" endtime="20230620 09:19:43.958"/>
</kw>
<kw name="Close Browser" library="SeleniumLibrary">
<doc>Closes the current browser.</doc>
<status status="PASS" starttime="20230620 09:19:43.959" endtime="20230620 09:19:47.996"/>
</kw>
<doc>Primera prueba del sistema</doc>
<tag>testUno</tag>
<status status="PASS" starttime="20230620 09:19:30.500" endtime="20230620 09:19:47.996"/>
</test>
<test id="s1-t2" name="Mi segundo test" line="25">
<kw name="Open Browser" library="SeleniumLibrary">
<arg>https://demoqa.com/text-box</arg>
<arg>Chrome</arg>
<doc>Opens a new browser instance to the optional ``url``.</doc>
<msg timestamp="20230620 09:19:47.998" level="INFO">Opening browser 'Chrome' to base url 'https://demoqa.com/text-box'.</msg>
<status status="PASS" starttime="20230620 09:19:47.998" endtime="20230620 09:19:54.530"/>
</kw>
<kw name="Maximize Browser Window" library="SeleniumLibrary">
<doc>Maximizes current browser window.</doc>
<status status="PASS" starttime="20230620 09:19:54.530" endtime="20230620 09:19:54.665"/>
</kw>
<kw name="Sleep" library="BuiltIn">
<arg>2</arg>
<doc>Pauses the test executed for the given time.</doc>
<msg timestamp="20230620 09:19:56.668" level="INFO">Slept 2 seconds</msg>
<status status="PASS" starttime="20230620 09:19:54.667" endtime="20230620 09:19:56.668"/>
</kw>
<kw name="Input Text" library="SeleniumLibrary">
<arg>id=userName</arg>
<arg>Juan</arg>
<doc>Types the given ``text`` into the text field identified by ``locator``.</doc>
<msg timestamp="20230620 09:19:56.668" level="INFO">Typing text 'Juan' into text field 'id=userName'.</msg>
<status status="PASS" starttime="20230620 09:19:56.668" endtime="20230620 09:19:56.950"/>
</kw>
<kw name="Input Text" library="SeleniumLibrary">
<arg>id=userEmail</arg>
<arg>juan@hotmail.com</arg>
<doc>Types the given ``text`` into the text field identified by ``locator``.</doc>
<msg timestamp="20230620 09:19:56.950" level="INFO">Typing text 'juan@hotmail.com' into text field 'id=userEmail'.</msg>
<status status="PASS" starttime="20230620 09:19:56.950" endtime="20230620 09:19:57.193"/>
</kw>
<kw name="Input Text" library="SeleniumLibrary">
<arg>id=currentAddress</arg>
<arg>Direccion1</arg>
<doc>Types the given ``text`` into the text field identified by ``locator``.</doc>
<msg timestamp="20230620 09:19:57.193" level="INFO">Typing text 'Direccion1' into text field 'id=currentAddress'.</msg>
<status status="PASS" starttime="20230620 09:19:57.193" endtime="20230620 09:19:57.390"/>
</kw>
<kw name="Input Text" library="SeleniumLibrary">
<arg>id=permanentAddress</arg>
<arg>Direccion</arg>
<doc>Types the given ``text`` into the text field identified by ``locator``.</doc>
<msg timestamp="20230620 09:19:57.390" level="INFO">Typing text 'Direccion' into text field 'id=permanentAddress'.</msg>
<status status="PASS" starttime="20230620 09:19:57.390" endtime="20230620 09:19:57.598"/>
</kw>
<kw name="Sleep" library="BuiltIn">
<arg>2</arg>
<doc>Pauses the test executed for the given time.</doc>
<msg timestamp="20230620 09:19:59.598" level="INFO">Slept 2 seconds</msg>
<status status="PASS" starttime="20230620 09:19:57.598" endtime="20230620 09:19:59.598"/>
</kw>
<kw name="Execute Javascript" library="SeleniumLibrary">
<arg>window.scrollTo(0,300)</arg>
<doc>Executes the given JavaScript code with possible arguments.</doc>
<msg timestamp="20230620 09:19:59.598" level="INFO">Executing JavaScript:
window.scrollTo(0,300)
Without any arguments.</msg>
<status status="PASS" starttime="20230620 09:19:59.598" endtime="20230620 09:19:59.618"/>
</kw>
<kw name="Sleep" library="BuiltIn">
<arg>2</arg>
<doc>Pauses the test executed for the given time.</doc>
<msg timestamp="20230620 09:20:01.618" level="INFO">Slept 2 seconds</msg>
<status status="PASS" starttime="20230620 09:19:59.618" endtime="20230620 09:20:01.618"/>
</kw>
<kw name="Click Button" library="SeleniumLibrary">
<arg>id=submit</arg>
<doc>Clicks the button identified by ``locator``.</doc>
<msg timestamp="20230620 09:20:01.618" level="INFO">Clicking button 'id=submit'.</msg>
<status status="PASS" starttime="20230620 09:20:01.618" endtime="20230620 09:20:01.773"/>
</kw>
<kw name="Close Browser" library="SeleniumLibrary">
<doc>Closes the current browser.</doc>
<status status="PASS" starttime="20230620 09:20:01.780" endtime="20230620 09:20:04.890"/>
</kw>
<doc>Segunda prueba del sistema</doc>
<tag>testDos</tag>
<status status="PASS" starttime="20230620 09:19:47.998" endtime="20230620 09:20:04.890"/>
</test>
<doc>Pruebas Curso RobotFramework</doc>
<status status="PASS" starttime="20230620 09:19:30.057" endtime="20230620 09:20:04.890"/>
</suite>
<statistics>
<total>
<stat pass="2" fail="0" skip="0">All Tests</stat>
</total>
<tag>
<stat pass="1" fail="0" skip="0">testDos</stat>
<stat pass="1" fail="0" skip="0">testUno</stat>
</tag>
<suite>
<stat pass="2" fail="0" skip="0" id="s1" name="Test Uno">Test Uno</stat>
</suite>
</statistics>
<errors>
</errors>
</robot>
