<?xml version="1.0" encoding="UTF-8"?>
<robot generator="Robot 4.1.1rc1 (Python 3.8.6 on win32)" generated="20230808 01:08:35.984" rpa="false" schemaversion="2">
<suite id="s1" name="For in range" source="C:\Users\juanc\PycharmProjects\RobotFrameworkNivel1\Test_Cases2\For_in_range.robot">
<test id="s1-t1" name="Demo Uno">
<kw name="Open Browser" library="SeleniumLibrary">
<arg>${Url}</arg>
<arg>${Navegador}</arg>
<doc>Opens a new browser instance to the optional ``url``.</doc>
<msg timestamp="20230808 01:08:36.074" level="INFO">Opening browser 'Chrome' to base url 'https://www.Google.com'.</msg>
<msg timestamp="20230808 01:08:36.077" level="INFO">Applicable driver not found; attempting to install with Selenium Manager (Beta)</msg>
<status status="PASS" starttime="20230808 01:08:36.074" endtime="20230808 01:08:38.509"/>
</kw>
<kw name="Maximize Browser Window" library="SeleniumLibrary">
<doc>Maximizes current browser window.</doc>
<status status="PASS" starttime="20230808 01:08:38.510" endtime="20230808 01:08:38.628"/>
</kw>
<kw name="Sleep" library="BuiltIn">
<arg>2</arg>
<doc>Pauses the test executed for the given time.</doc>
<msg timestamp="20230808 01:08:40.641" level="INFO">Slept 2 seconds</msg>
<status status="PASS" starttime="20230808 01:08:38.629" endtime="20230808 01:08:40.641"/>
</kw>
<kw name="Title Should Be" library="SeleniumLibrary">
<arg>Google</arg>
<doc>Verifies that the current page title equals ``title``.</doc>
<msg timestamp="20230808 01:08:40.644" level="INFO">Page title is 'Google'.</msg>
<status status="PASS" starttime="20230808 01:08:40.641" endtime="20230808 01:08:40.644"/>
</kw>
<kw name="Set Selenium Implicit Wait" library="SeleniumLibrary">
<arg>10</arg>
<doc>Sets the implicit wait value used by Selenium.</doc>
<status status="PASS" starttime="20230808 01:08:40.644" endtime="20230808 01:08:40.644"/>
</kw>
<kw name="Set Selenium Speed" library="SeleniumLibrary">
<arg>.1s</arg>
<doc>Sets the delay that is waited after each Selenium command.</doc>
<status status="PASS" starttime="20230808 01:08:40.644" endtime="20230808 01:08:40.644"/>
</kw>
<for flavor="IN RANGE">
<var>${i}</var>
<value>0</value>
<value>10</value>
<iter>
<var name="${i}">0</var>
<kw name="Log To Console" library="BuiltIn">
<arg>${i}</arg>
<doc>Logs the given message to the console.</doc>
<status status="PASS" starttime="20230808 01:08:40.645" endtime="20230808 01:08:40.645"/>
</kw>
<status status="PASS" starttime="20230808 01:08:40.645" endtime="20230808 01:08:40.645"/>
</iter>
<iter>
<var name="${i}">1</var>
<kw name="Log To Console" library="BuiltIn">
<arg>${i}</arg>
<doc>Logs the given message to the console.</doc>
<status status="PASS" starttime="20230808 01:08:40.645" endtime="20230808 01:08:40.646"/>
</kw>
<status status="PASS" starttime="20230808 01:08:40.645" endtime="20230808 01:08:40.646"/>
</iter>
<iter>
<var name="${i}">2</var>
<kw name="Log To Console" library="BuiltIn">
<arg>${i}</arg>
<doc>Logs the given message to the console.</doc>
<status status="PASS" starttime="20230808 01:08:40.646" endtime="20230808 01:08:40.646"/>
</kw>
<status status="PASS" starttime="20230808 01:08:40.646" endtime="20230808 01:08:40.646"/>
</iter>
<iter>
<var name="${i}">3</var>
<kw name="Log To Console" library="BuiltIn">
<arg>${i}</arg>
<doc>Logs the given message to the console.</doc>
<status status="PASS" starttime="20230808 01:08:40.646" endtime="20230808 01:08:40.646"/>
</kw>
<status status="PASS" starttime="20230808 01:08:40.646" endtime="20230808 01:08:40.646"/>
</iter>
<iter>
<var name="${i}">4</var>
<kw name="Log To Console" library="BuiltIn">
<arg>${i}</arg>
<doc>Logs the given message to the console.</doc>
<status status="PASS" starttime="20230808 01:08:40.646" endtime="20230808 01:08:40.646"/>
</kw>
<status status="PASS" starttime="20230808 01:08:40.646" endtime="20230808 01:08:40.646"/>
</iter>
<iter>
<var name="${i}">5</var>
<kw name="Log To Console" library="BuiltIn">
<arg>${i}</arg>
<doc>Logs the given message to the console.</doc>
<status status="PASS" starttime="20230808 01:08:40.646" endtime="20230808 01:08:40.646"/>
</kw>
<status status="PASS" starttime="20230808 01:08:40.646" endtime="20230808 01:08:40.646"/>
</iter>
<iter>
<var name="${i}">6</var>
<kw name="Log To Console" library="BuiltIn">
<arg>${i}</arg>
<doc>Logs the given message to the console.</doc>
<status status="PASS" starttime="20230808 01:08:40.647" endtime="20230808 01:08:40.647"/>
</kw>
<status status="PASS" starttime="20230808 01:08:40.647" endtime="20230808 01:08:40.647"/>
</iter>
<iter>
<var name="${i}">7</var>
<kw name="Log To Console" library="BuiltIn">
<arg>${i}</arg>
<doc>Logs the given message to the console.</doc>
<status status="PASS" starttime="20230808 01:08:40.647" endtime="20230808 01:08:40.647"/>
</kw>
<status status="PASS" starttime="20230808 01:08:40.647" endtime="20230808 01:08:40.647"/>
</iter>
<iter>
<var name="${i}">8</var>
<kw name="Log To Console" library="BuiltIn">
<arg>${i}</arg>
<doc>Logs the given message to the console.</doc>
<status status="PASS" starttime="20230808 01:08:40.647" endtime="20230808 01:08:40.647"/>
</kw>
<status status="PASS" starttime="20230808 01:08:40.647" endtime="20230808 01:08:40.647"/>
</iter>
<iter>
<var name="${i}">9</var>
<kw name="Log To Console" library="BuiltIn">
<arg>${i}</arg>
<doc>Logs the given message to the console.</doc>
<status status="PASS" starttime="20230808 01:08:40.647" endtime="20230808 01:08:40.647"/>
</kw>
<status status="PASS" starttime="20230808 01:08:40.647" endtime="20230808 01:08:40.647"/>
</iter>
<status status="PASS" starttime="20230808 01:08:40.645" endtime="20230808 01:08:40.647"/>
</for>
<kw name="Sleep" library="BuiltIn">
<arg>2</arg>
<doc>Pauses the test executed for the given time.</doc>
<msg timestamp="20230808 01:08:42.656" level="INFO">Slept 2 seconds</msg>
<status status="PASS" starttime="20230808 01:08:40.647" endtime="20230808 01:08:42.656"/>
</kw>
<kw name="Close Browser" library="SeleniumLibrary">
<doc>Closes the current browser.</doc>
<status status="PASS" starttime="20230808 01:08:42.656" endtime="20230808 01:08:44.805"/>
</kw>
<doc>Prueba for in range</doc>
<tag>TestUno</tag>
<status status="PASS" starttime="20230808 01:08:36.074" endtime="20230808 01:08:44.805"/>
</test>
<doc>Practica For in range</doc>
<status status="PASS" starttime="20230808 01:08:35.984" endtime="20230808 01:08:44.806"/>
</suite>
<statistics>
<total>
<stat pass="1" fail="0" skip="0">All Tests</stat>
</total>
<tag>
<stat pass="1" fail="0" skip="0">TestUno</stat>
</tag>
<suite>
<stat pass="1" fail="0" skip="0" id="s1" name="For in range">For in range</stat>
</suite>
</statistics>
<errors>
</errors>
</robot>
