<?xml version="1.0" encoding="UTF-8"?>
<robot generator="Rebot 4.1.1rc1 (Python 3.8.6 on win32)" generated="20230828 23:52:59.414" rpa="false" schemaversion="2">
<suite id="s1" name="Suites">
<suite id="s1-s1" name="Pruebapabot" source="C:\Users\juanc\PycharmProjects\RobotFrameworkNivel1\Ejemplos\Pruebapabot.robot">
<test id="s1-s1-t1" name="Demo Uno">
<kw name="Inicio">
<tag>TestUno</tag>
<doc>Prueba Uno utilizan Pabot</doc>
<kw name="Open Browser" library="SeleniumLibrary">
<arg>${Url}</arg>
<arg>${Navegador}</arg>
<doc>Opens a new browser instance to the optional ``url``.</doc>
<msg timestamp="20230828 23:52:35.927" level="INFO">Opening browser 'Firefox' to base url 'https://demoqa.com/text-box'.</msg>
<msg timestamp="20230828 23:52:35.927" level="INFO">Firefox driver log is always forced to to: C:\Users\juanc\PycharmProjects\RobotFrameworkNivel1\Resultados\pabot_results\0\geckodriver-1.log</msg>
<msg timestamp="20230828 23:52:35.930" level="INFO">Applicable driver not found; attempting to install with Selenium Manager (Beta)</msg>
<status status="PASS" starttime="20230828 23:52:35.927" endtime="20230828 23:52:46.210"/>
</kw>
<kw name="Maximize Browser Window" library="SeleniumLibrary">
<doc>Maximizes current browser window.</doc>
<status status="PASS" starttime="20230828 23:52:46.211" endtime="20230828 23:52:46.486"/>
</kw>
<kw name="Sleep" library="BuiltIn">
<arg>2</arg>
<doc>Pauses the test executed for the given time.</doc>
<msg timestamp="20230828 23:52:48.494" level="INFO">Slept 2 seconds</msg>
<status status="PASS" starttime="20230828 23:52:46.486" endtime="20230828 23:52:48.494"/>
</kw>
<kw name="Title Should Be" library="SeleniumLibrary">
<arg>DEMOQA</arg>
<doc>Verifies that the current page title equals ``title``.</doc>
<msg timestamp="20230828 23:52:48.495" level="INFO">Page title is 'DEMOQA'.</msg>
<status status="PASS" starttime="20230828 23:52:48.494" endtime="20230828 23:52:48.495"/>
</kw>
<kw name="Set Selenium Implicit Wait" library="SeleniumLibrary">
<arg>10</arg>
<doc>Sets the implicit wait value used by Selenium.</doc>
<status status="PASS" starttime="20230828 23:52:48.495" endtime="20230828 23:52:48.497"/>
</kw>
<kw name="Set Selenium Speed" library="SeleniumLibrary">
<arg>.1s</arg>
<doc>Sets the delay that is waited after each Selenium command.</doc>
<status status="PASS" starttime="20230828 23:52:48.497" endtime="20230828 23:52:48.497"/>
</kw>
<kw name="F_texto" library="Funciones">
<arg>//input[@id='userName']</arg>
<arg>Juan</arg>
<kw name="Wait Until Element Is Visible" library="SeleniumLibrary">
<arg>${sel}</arg>
<doc>Waits until the element ``locator`` is visible.</doc>
<status status="PASS" starttime="20230828 23:52:48.497" endtime="20230828 23:52:48.727"/>
</kw>
<kw name="Wait Until Element Is Enabled" library="SeleniumLibrary">
<arg>${sel}</arg>
<doc>Waits until the element ``locator`` is enabled.</doc>
<status status="PASS" starttime="20230828 23:52:48.727" endtime="20230828 23:52:49.054"/>
</kw>
<kw name="Element Should Be Visible" library="SeleniumLibrary">
<arg>${sel}</arg>
<doc>Verifies that the element identified by ``locator`` is visible.</doc>
<msg timestamp="20230828 23:52:49.272" level="INFO">Element '//input[@id='userName']' is displayed.</msg>
<status status="PASS" starttime="20230828 23:52:49.054" endtime="20230828 23:52:49.272"/>
</kw>
<kw name="Clear Element Text" library="SeleniumLibrary">
<arg>${sel}</arg>
<doc>Clears the value of the text-input-element identified by ``locator``.</doc>
<status status="PASS" starttime="20230828 23:52:49.273" endtime="20230828 23:52:49.493"/>
</kw>
<kw name="Execute Javascript" library="SeleniumLibrary">
<arg>window.scrollTo(0,50)</arg>
<doc>Executes the given JavaScript code with possible arguments.</doc>
<msg timestamp="20230828 23:52:49.493" level="INFO">Executing JavaScript:
window.scrollTo(0,50)
Without any arguments.</msg>
<status status="PASS" starttime="20230828 23:52:49.493" endtime="20230828 23:52:49.602"/>
</kw>
<kw name="Input Text" library="SeleniumLibrary">
<arg>${sel}</arg>
<arg>${dato}</arg>
<doc>Types the given ``text`` into the text field identified by ``locator``.</doc>
<msg timestamp="20230828 23:52:49.602" level="INFO">Typing text 'Juan' into text field '//input[@id='userName']'.</msg>
<status status="PASS" starttime="20230828 23:52:49.602" endtime="20230828 23:52:49.941"/>
</kw>
<kw name="Capture Element Screenshot" library="SeleniumLibrary">
<arg>${sel}</arg>
<arg>${ruta_foto_guardar}${dato}.png</arg>
<doc>Captures a screenshot from the element identified by ``locator`` and embeds it into log file.</doc>
<msg timestamp="20230828 23:52:50.160" level="INFO" html="true">&lt;/td&gt;&lt;/tr&gt;&lt;tr&gt;&lt;td colspan="3"&gt;&lt;a href="../reporte2/IMG/Juan.png"&gt;&lt;img src="../reporte2/IMG/Juan.png" width="400px"&gt;&lt;/a&gt;</msg>
<status status="PASS" starttime="20230828 23:52:49.941" endtime="20230828 23:52:50.160"/>
</kw>
<status status="PASS" starttime="20230828 23:52:48.497" endtime="20230828 23:52:50.161"/>
</kw>
<status status="PASS" starttime="20230828 23:52:35.926" endtime="20230828 23:52:50.161"/>
</kw>
<kw name="Fin">
<kw name="Sleep" library="BuiltIn">
<arg>2</arg>
<doc>Pauses the test executed for the given time.</doc>
<msg timestamp="20230828 23:52:52.166" level="INFO">Slept 2 seconds</msg>
<status status="PASS" starttime="20230828 23:52:50.161" endtime="20230828 23:52:52.166"/>
</kw>
<kw name="Close Browser" library="SeleniumLibrary">
<doc>Closes the current browser.</doc>
<status status="PASS" starttime="20230828 23:52:52.166" endtime="20230828 23:52:54.807"/>
</kw>
<status status="PASS" starttime="20230828 23:52:50.161" endtime="20230828 23:52:54.807"/>
</kw>
<status status="PASS" starttime="20230828 23:52:35.926" endtime="20230828 23:52:54.807"/>
</test>
<doc>Practica Uno</doc>
<status status="PASS" starttime="20230828 23:52:35.835" endtime="20230828 23:52:54.807"/>
</suite>
<suite id="s1-s2" name="Pruebapabot2" source="C:\Users\juanc\PycharmProjects\RobotFrameworkNivel1\Ejemplos\Pruebapabot2.robot">
<test id="s1-s2-t1" name="Demo Uno">
<kw name="Inicio">
<tag>TestUno</tag>
<doc>Prueba Uno utilizan Pabot</doc>
<kw name="Open Browser" library="SeleniumLibrary">
<arg>${Url}</arg>
<arg>${Navegador}</arg>
<doc>Opens a new browser instance to the optional ``url``.</doc>
<msg timestamp="20230828 23:52:35.926" level="INFO">Opening browser 'Firefox' to base url 'https://demoqa.com/text-box'.</msg>
<msg timestamp="20230828 23:52:35.927" level="INFO">Firefox driver log is always forced to to: C:\Users\juanc\PycharmProjects\RobotFrameworkNivel1\Resultados\pabot_results\1\geckodriver-1.log</msg>
<msg timestamp="20230828 23:52:35.930" level="INFO">Applicable driver not found; attempting to install with Selenium Manager (Beta)</msg>
<status status="PASS" starttime="20230828 23:52:35.926" endtime="20230828 23:52:46.188"/>
</kw>
<kw name="Maximize Browser Window" library="SeleniumLibrary">
<doc>Maximizes current browser window.</doc>
<status status="PASS" starttime="20230828 23:52:46.189" endtime="20230828 23:52:46.446"/>
</kw>
<kw name="Sleep" library="BuiltIn">
<arg>2</arg>
<doc>Pauses the test executed for the given time.</doc>
<msg timestamp="20230828 23:52:48.462" level="INFO">Slept 2 seconds</msg>
<status status="PASS" starttime="20230828 23:52:46.447" endtime="20230828 23:52:48.462"/>
</kw>
<kw name="Title Should Be" library="SeleniumLibrary">
<arg>DEMOQA</arg>
<doc>Verifies that the current page title equals ``title``.</doc>
<msg timestamp="20230828 23:52:48.464" level="INFO">Page title is 'DEMOQA'.</msg>
<status status="PASS" starttime="20230828 23:52:48.463" endtime="20230828 23:52:48.464"/>
</kw>
<kw name="Set Selenium Implicit Wait" library="SeleniumLibrary">
<arg>10</arg>
<doc>Sets the implicit wait value used by Selenium.</doc>
<status status="PASS" starttime="20230828 23:52:48.464" endtime="20230828 23:52:48.465"/>
</kw>
<kw name="Set Selenium Speed" library="SeleniumLibrary">
<arg>.1s</arg>
<doc>Sets the delay that is waited after each Selenium command.</doc>
<status status="PASS" starttime="20230828 23:52:48.465" endtime="20230828 23:52:48.465"/>
</kw>
<kw name="F_texto" library="Funciones">
<arg>//input[@id='userName']</arg>
<arg>Juan</arg>
<kw name="Wait Until Element Is Visible" library="SeleniumLibrary">
<arg>${sel}</arg>
<doc>Waits until the element ``locator`` is visible.</doc>
<status status="PASS" starttime="20230828 23:52:48.466" endtime="20230828 23:52:48.696"/>
</kw>
<kw name="Wait Until Element Is Enabled" library="SeleniumLibrary">
<arg>${sel}</arg>
<doc>Waits until the element ``locator`` is enabled.</doc>
<status status="PASS" starttime="20230828 23:52:48.696" endtime="20230828 23:52:49.023"/>
</kw>
<kw name="Element Should Be Visible" library="SeleniumLibrary">
<arg>${sel}</arg>
<doc>Verifies that the element identified by ``locator`` is visible.</doc>
<msg timestamp="20230828 23:52:49.241" level="INFO">Element '//input[@id='userName']' is displayed.</msg>
<status status="PASS" starttime="20230828 23:52:49.023" endtime="20230828 23:52:49.241"/>
</kw>
<kw name="Clear Element Text" library="SeleniumLibrary">
<arg>${sel}</arg>
<doc>Clears the value of the text-input-element identified by ``locator``.</doc>
<status status="PASS" starttime="20230828 23:52:49.241" endtime="20230828 23:52:49.461"/>
</kw>
<kw name="Execute Javascript" library="SeleniumLibrary">
<arg>window.scrollTo(0,50)</arg>
<doc>Executes the given JavaScript code with possible arguments.</doc>
<msg timestamp="20230828 23:52:49.461" level="INFO">Executing JavaScript:
window.scrollTo(0,50)
Without any arguments.</msg>
<status status="PASS" starttime="20230828 23:52:49.461" endtime="20230828 23:52:49.571"/>
</kw>
<kw name="Input Text" library="SeleniumLibrary">
<arg>${sel}</arg>
<arg>${dato}</arg>
<doc>Types the given ``text`` into the text field identified by ``locator``.</doc>
<msg timestamp="20230828 23:52:49.571" level="INFO">Typing text 'Juan' into text field '//input[@id='userName']'.</msg>
<status status="PASS" starttime="20230828 23:52:49.571" endtime="20230828 23:52:49.910"/>
</kw>
<kw name="Capture Element Screenshot" library="SeleniumLibrary">
<arg>${sel}</arg>
<arg>${ruta_foto_guardar}${dato}.png</arg>
<doc>Captures a screenshot from the element identified by ``locator`` and embeds it into log file.</doc>
<msg timestamp="20230828 23:52:50.129" level="INFO" html="true">&lt;/td&gt;&lt;/tr&gt;&lt;tr&gt;&lt;td colspan="3"&gt;&lt;a href="../reporte2/IMG/Juan.png"&gt;&lt;img src="../reporte2/IMG/Juan.png" width="400px"&gt;&lt;/a&gt;</msg>
<status status="PASS" starttime="20230828 23:52:49.910" endtime="20230828 23:52:50.129"/>
</kw>
<status status="PASS" starttime="20230828 23:52:48.465" endtime="20230828 23:52:50.130"/>
</kw>
<status status="PASS" starttime="20230828 23:52:35.926" endtime="20230828 23:52:50.130"/>
</kw>
<kw name="Fin">
<kw name="Sleep" library="BuiltIn">
<arg>2</arg>
<doc>Pauses the test executed for the given time.</doc>
<msg timestamp="20230828 23:52:52.134" level="INFO">Slept 2 seconds</msg>
<status status="PASS" starttime="20230828 23:52:50.130" endtime="20230828 23:52:52.134"/>
</kw>
<kw name="Close Browser" library="SeleniumLibrary">
<doc>Closes the current browser.</doc>
<status status="PASS" starttime="20230828 23:52:52.134" endtime="20230828 23:52:54.869"/>
</kw>
<status status="PASS" starttime="20230828 23:52:50.130" endtime="20230828 23:52:54.869"/>
</kw>
<status status="PASS" starttime="20230828 23:52:35.926" endtime="20230828 23:52:54.869"/>
</test>
<doc>Practica Uno</doc>
<status status="PASS" starttime="20230828 23:52:35.835" endtime="20230828 23:52:54.869"/>
</suite>
<suite id="s1-s3" name="Pruebapabot3" source="C:\Users\juanc\PycharmProjects\RobotFrameworkNivel1\Ejemplos\Pruebapabot3.robot">
<test id="s1-s3-t1" name="Demo Uno">
<kw name="Inicio">
<tag>TestUno</tag>
<doc>Prueba Uno utilizan Pabot</doc>
<kw name="Open Browser" library="SeleniumLibrary">
<arg>${Url}</arg>
<arg>${Navegador}</arg>
<doc>Opens a new browser instance to the optional ``url``.</doc>
<msg timestamp="20230828 23:52:35.927" level="INFO">Opening browser 'Firefox' to base url 'https://demoqa.com/text-box'.</msg>
<msg timestamp="20230828 23:52:35.927" level="INFO">Firefox driver log is always forced to to: C:\Users\juanc\PycharmProjects\RobotFrameworkNivel1\Resultados\pabot_results\2\geckodriver-1.log</msg>
<msg timestamp="20230828 23:52:35.930" level="INFO">Applicable driver not found; attempting to install with Selenium Manager (Beta)</msg>
<status status="PASS" starttime="20230828 23:52:35.927" endtime="20230828 23:52:46.537"/>
</kw>
<kw name="Maximize Browser Window" library="SeleniumLibrary">
<doc>Maximizes current browser window.</doc>
<status status="PASS" starttime="20230828 23:52:46.538" endtime="20230828 23:52:46.794"/>
</kw>
<kw name="Sleep" library="BuiltIn">
<arg>2</arg>
<doc>Pauses the test executed for the given time.</doc>
<msg timestamp="20230828 23:52:48.804" level="INFO">Slept 2 seconds</msg>
<status status="PASS" starttime="20230828 23:52:46.795" endtime="20230828 23:52:48.804"/>
</kw>
<kw name="Title Should Be" library="SeleniumLibrary">
<arg>DEMOQA</arg>
<doc>Verifies that the current page title equals ``title``.</doc>
<msg timestamp="20230828 23:52:48.805" level="INFO">Page title is 'DEMOQA'.</msg>
<status status="PASS" starttime="20230828 23:52:48.804" endtime="20230828 23:52:48.805"/>
</kw>
<kw name="Set Selenium Implicit Wait" library="SeleniumLibrary">
<arg>10</arg>
<doc>Sets the implicit wait value used by Selenium.</doc>
<status status="PASS" starttime="20230828 23:52:48.805" endtime="20230828 23:52:48.806"/>
</kw>
<kw name="Set Selenium Speed" library="SeleniumLibrary">
<arg>.1s</arg>
<doc>Sets the delay that is waited after each Selenium command.</doc>
<status status="PASS" starttime="20230828 23:52:48.807" endtime="20230828 23:52:48.807"/>
</kw>
<kw name="F_texto" library="Funciones">
<arg>//input[@id='userName']</arg>
<arg>Juan</arg>
<kw name="Wait Until Element Is Visible" library="SeleniumLibrary">
<arg>${sel}</arg>
<doc>Waits until the element ``locator`` is visible.</doc>
<status status="PASS" starttime="20230828 23:52:48.807" endtime="20230828 23:52:49.023"/>
</kw>
<kw name="Wait Until Element Is Enabled" library="SeleniumLibrary">
<arg>${sel}</arg>
<doc>Waits until the element ``locator`` is enabled.</doc>
<status status="PASS" starttime="20230828 23:52:49.023" endtime="20230828 23:52:49.350"/>
</kw>
<kw name="Element Should Be Visible" library="SeleniumLibrary">
<arg>${sel}</arg>
<doc>Verifies that the element identified by ``locator`` is visible.</doc>
<msg timestamp="20230828 23:52:49.571" level="INFO">Element '//input[@id='userName']' is displayed.</msg>
<status status="PASS" starttime="20230828 23:52:49.350" endtime="20230828 23:52:49.571"/>
</kw>
<kw name="Clear Element Text" library="SeleniumLibrary">
<arg>${sel}</arg>
<doc>Clears the value of the text-input-element identified by ``locator``.</doc>
<status status="PASS" starttime="20230828 23:52:49.571" endtime="20230828 23:52:49.789"/>
</kw>
<kw name="Execute Javascript" library="SeleniumLibrary">
<arg>window.scrollTo(0,50)</arg>
<doc>Executes the given JavaScript code with possible arguments.</doc>
<msg timestamp="20230828 23:52:49.789" level="INFO">Executing JavaScript:
window.scrollTo(0,50)
Without any arguments.</msg>
<status status="PASS" starttime="20230828 23:52:49.789" endtime="20230828 23:52:49.895"/>
</kw>
<kw name="Input Text" library="SeleniumLibrary">
<arg>${sel}</arg>
<arg>${dato}</arg>
<doc>Types the given ``text`` into the text field identified by ``locator``.</doc>
<msg timestamp="20230828 23:52:49.895" level="INFO">Typing text 'Juan' into text field '//input[@id='userName']'.</msg>
<status status="PASS" starttime="20230828 23:52:49.895" endtime="20230828 23:52:50.225"/>
</kw>
<kw name="Capture Element Screenshot" library="SeleniumLibrary">
<arg>${sel}</arg>
<arg>${ruta_foto_guardar}${dato}.png</arg>
<doc>Captures a screenshot from the element identified by ``locator`` and embeds it into log file.</doc>
<msg timestamp="20230828 23:52:50.444" level="INFO" html="true">&lt;/td&gt;&lt;/tr&gt;&lt;tr&gt;&lt;td colspan="3"&gt;&lt;a href="../reporte2/IMG/Juan.png"&gt;&lt;img src="../reporte2/IMG/Juan.png" width="400px"&gt;&lt;/a&gt;</msg>
<status status="PASS" starttime="20230828 23:52:50.225" endtime="20230828 23:52:50.444"/>
</kw>
<status status="PASS" starttime="20230828 23:52:48.807" endtime="20230828 23:52:50.445"/>
</kw>
<status status="PASS" starttime="20230828 23:52:35.926" endtime="20230828 23:52:50.445"/>
</kw>
<kw name="Fin">
<kw name="Sleep" library="BuiltIn">
<arg>2</arg>
<doc>Pauses the test executed for the given time.</doc>
<msg timestamp="20230828 23:52:52.448" level="INFO">Slept 2 seconds</msg>
<status status="PASS" starttime="20230828 23:52:50.445" endtime="20230828 23:52:52.448"/>
</kw>
<kw name="Close Browser" library="SeleniumLibrary">
<doc>Closes the current browser.</doc>
<status status="PASS" starttime="20230828 23:52:52.448" endtime="20230828 23:52:55.057"/>
</kw>
<status status="PASS" starttime="20230828 23:52:50.445" endtime="20230828 23:52:55.057"/>
</kw>
<status status="PASS" starttime="20230828 23:52:35.926" endtime="20230828 23:52:55.057"/>
</test>
<doc>Practica Uno</doc>
<status status="PASS" starttime="20230828 23:52:35.836" endtime="20230828 23:52:55.057"/>
</suite>
<doc>[https://pabot.org/?ref=log|Pabot] result from 3 executions.</doc>
<status status="PASS" starttime="20230828 23:52:35.829" endtime="20230828 23:52:55.058"/>
</suite>
<statistics>
<total>
<stat pass="3" fail="0" skip="0">All Tests</stat>
</total>
<tag>
</tag>
<suite>
<stat pass="3" fail="0" skip="0" id="s1" name="Suites">Suites</stat>
<stat pass="1" fail="0" skip="0" id="s1-s1" name="Pruebapabot">Suites.Pruebapabot</stat>
<stat pass="1" fail="0" skip="0" id="s1-s2" name="Pruebapabot2">Suites.Pruebapabot2</stat>
<stat pass="1" fail="0" skip="0" id="s1-s3" name="Pruebapabot3">Suites.Pruebapabot3</stat>
</suite>
</statistics>
<errors>
</errors>
</robot>
